[15:38:19] [Client thread/INFO]: Setting user: Player947
[15:38:24] [Client thread/WARN]: Skipping bad option: lastServer:
[15:38:24] [Client thread/INFO]: LWJGL Version: 2.9.4
[15:38:26] [Client thread/INFO]: [STDOUT]: ---- Minecraft Crash Report ----
// I bet Cylons wouldn't have this problem.

Time: 5/28/17 3:38 PM
Description: Loading screen debug info

This is just a prompt for computer specs to be printed. THIS IS NOT A ERROR


A detailed walkthrough of the error, its code path and all known details is as follows:
---------------------------------------------------------------------------------------

-- System Details --
Details:
	Minecraft Version: 1.11.2
	Operating System: Windows 10 (amd64) version 10.0
	Java Version: 1.8.0_121, Oracle Corporation
	Java VM Version: Java HotSpot(TM) 64-Bit Server VM (mixed mode), Oracle Corporation
	Memory: 105152360 bytes (100 MB) / 555220992 bytes (529 MB) up to 2826436608 bytes (2695 MB)
	JVM Flags: 0 total; 
	IntCache: cache: 0, tcache: 0, allocated: 0, tallocated: 0
	FML: 
	Loaded coremods (and transformers): 
	GL info: ' Vendor: 'NVIDIA Corporation' Version: '4.5.0 NVIDIA 381.89' Renderer: 'GeForce GTX 970/PCIe/SSE2'
[15:38:28] [Client thread/INFO]: Reloading ResourceManager: Default, FMLFileResourcePack:Forge Mod Loader, FMLFileResourcePack:Minecraft Forge, FMLFileResourcePack:Example Mod
[15:38:28] [Client thread/WARN]: ResourcePack: ignored non-lowercase namespace: Testmod/ in C:\Users\froststar21\Desktop\testmod\classes\production\testmod
[15:38:32] [Sound Library Loader/INFO]: Starting up SoundSystem...
[15:38:32] [Thread-8/INFO]: Initializing LWJGL OpenAL
[15:38:32] [Thread-8/INFO]: (The LWJGL binding of OpenAL.  For more information, see http://www.lwjgl.org)
[15:38:32] [Thread-8/INFO]: OpenAL initialized.
[15:38:32] [Sound Library Loader/INFO]: Sound engine started
[15:38:37] [Client thread/INFO]: Created: 16x16 textures-atlas
[15:38:38] [Client thread/INFO]: Reloading ResourceManager: Default, FMLFileResourcePack:Forge Mod Loader, FMLFileResourcePack:Minecraft Forge, FMLFileResourcePack:Example Mod
[15:38:38] [Client thread/WARN]: ResourcePack: ignored non-lowercase namespace: Testmod/ in C:\Users\froststar21\Desktop\testmod\classes\production\testmod
[15:38:41] [Client thread/INFO]: SoundSystem shutting down...
[15:38:41] [Client thread/WARN]: Author: Paul Lamb, www.paulscode.com
[15:38:41] [Sound Library Loader/INFO]: Starting up SoundSystem...
[15:38:42] [Thread-10/INFO]: Initializing LWJGL OpenAL
[15:38:42] [Thread-10/INFO]: (The LWJGL binding of OpenAL.  For more information, see http://www.lwjgl.org)
[15:38:42] [Thread-10/INFO]: OpenAL initialized.
[15:38:42] [Sound Library Loader/INFO]: Sound engine started
[15:38:46] [Client thread/INFO]: Created: 512x512 textures-atlas
[15:38:47] [Client thread/WARN]: Skipping bad option: lastServer:
[15:38:47] [Realms Notification Availability checker #1/INFO]: Could not authorize you against Realms server: Invalid session id
[15:38:50] [Server thread/INFO]: Starting integrated minecraft server version 1.11.2
[15:38:50] [Server thread/INFO]: Generating keypair
[15:38:51] [Server thread/INFO]: Preparing start region for level 0
[15:38:51] [Server thread/INFO]: Changing view distance to 12, from 10
[15:38:53] [Server thread/INFO]: Player947[local:E:d1287867] logged in with entity id 84 at (117.12221877115893, 5.0, -639.4646488951549)
[15:38:53] [Server thread/INFO]: Player947 joined the game
[15:38:54] [Server thread/INFO]: Saving and pausing game...
[15:38:54] [Server thread/INFO]: Saving chunks for level 'New World'/Overworld
[15:38:54] [Server thread/INFO]: Saving chunks for level 'New World'/Nether
[15:38:54] [Server thread/INFO]: Saving chunks for level 'New World'/The End
[15:38:54] [pool-2-thread-1/WARN]: Couldn't look up profile properties for com.mojang.authlib.GameProfile@23f704bc[id=aefde92f-3149-3d2f-9be8-de193376d23c,name=Player947,properties={},legacy=false]
com.mojang.authlib.exceptions.AuthenticationException: The client has sent too many requests within a certain amount of time
	at com.mojang.authlib.yggdrasil.YggdrasilAuthenticationService.makeRequest(YggdrasilAuthenticationService.java:79) ~[YggdrasilAuthenticationService.class:?]
	at com.mojang.authlib.yggdrasil.YggdrasilMinecraftSessionService.fillGameProfile(YggdrasilMinecraftSessionService.java:180) [YggdrasilMinecraftSessionService.class:?]
	at com.mojang.authlib.yggdrasil.YggdrasilMinecraftSessionService$1.load(YggdrasilMinecraftSessionService.java:60) [YggdrasilMinecraftSessionService$1.class:?]
	at com.mojang.authlib.yggdrasil.YggdrasilMinecraftSessionService$1.load(YggdrasilMinecraftSessionService.java:57) [YggdrasilMinecraftSessionService$1.class:?]
	at com.google.common.cache.LocalCache$LoadingValueReference.loadFuture(LocalCache.java:3524) [guava-17.0.jar:?]
	at com.google.common.cache.LocalCache$Segment.loadSync(LocalCache.java:2317) [guava-17.0.jar:?]
	at com.google.common.cache.LocalCache$Segment.lockedGetOrLoad(LocalCache.java:2280) [guava-17.0.jar:?]
	at com.google.common.cache.LocalCache$Segment.get(LocalCache.java:2195) [guava-17.0.jar:?]
	at com.google.common.cache.LocalCache.get(LocalCache.java:3934) [guava-17.0.jar:?]
	at com.google.common.cache.LocalCache.getOrLoad(LocalCache.java:3938) [guava-17.0.jar:?]
	at com.google.common.cache.LocalCache$LocalLoadingCache.get(LocalCache.java:4821) [guava-17.0.jar:?]
	at com.google.common.cache.LocalCache$LocalLoadingCache.getUnchecked(LocalCache.java:4827) [guava-17.0.jar:?]
	at com.mojang.authlib.yggdrasil.YggdrasilMinecraftSessionService.fillProfileProperties(YggdrasilMinecraftSessionService.java:170) [YggdrasilMinecraftSessionService.class:?]
	at net.minecraft.client.Minecraft.getProfileProperties(Minecraft.java:3056) [Minecraft.class:?]
	at net.minecraft.client.resources.SkinManager$3.run(SkinManager.java:138) [SkinManager$3.class:?]
	at java.util.concurrent.Executors$RunnableAdapter.call(Executors.java:511) [?:1.8.0_121]
	at java.util.concurrent.FutureTask.run(FutureTask.java:266) [?:1.8.0_121]
	at java.util.concurrent.ThreadPoolExecutor.runWorker(ThreadPoolExecutor.java:1142) [?:1.8.0_121]
	at java.util.concurrent.ThreadPoolExecutor$Worker.run(ThreadPoolExecutor.java:617) [?:1.8.0_121]
	at java.lang.Thread.run(Thread.java:745) [?:1.8.0_121]
[15:38:59] [Server thread/INFO]: Saving and pausing game...
[15:38:59] [Server thread/INFO]: Saving chunks for level 'New World'/Overworld
[15:38:59] [Server thread/INFO]: Saving chunks for level 'New World'/Nether
[15:38:59] [Server thread/INFO]: Saving chunks for level 'New World'/The End
[15:39:00] [Server thread/INFO]: Stopping server
[15:39:00] [Server thread/INFO]: Saving players
[15:39:00] [Server thread/INFO]: Player947 lost connection: TextComponent{text='Disconnected', siblings=[], style=Style{hasParent=false, color=null, bold=null, italic=null, underlined=null, obfuscated=null, clickEvent=null, hoverEvent=null, insertion=null}}
[15:39:00] [Server thread/INFO]: Player947 left the game
[15:39:00] [Server thread/INFO]: Stopping singleplayer server as player logged out
[15:39:00] [Server thread/INFO]: Saving worlds
[15:39:00] [Server thread/INFO]: Saving chunks for level 'New World'/Overworld
[15:39:00] [Server thread/INFO]: Saving chunks for level 'New World'/Nether
[15:39:00] [Server thread/INFO]: Saving chunks for level 'New World'/The End
[15:39:01] [Client thread/INFO]: Stopping!
[15:39:01] [Client thread/INFO]: SoundSystem shutting down...
[15:39:01] [Client thread/WARN]: Author: Paul Lamb, www.paulscode.com
